<?xml version="1.0" encoding="UTF-8"?>
<testsuite xmlns:xsi="http://www.w3.org/2001/XMLSchema-instance" xsi:noNamespaceSchemaLocation="https://maven.apache.org/surefire/maven-surefire-plugin/xsd/surefire-test-report-3.0.xsd" version="3.0" name="implementaciones.ManejadorComprasMembresiasTest" time="0.058" tests="6" errors="0" skipped="0" failures="0">
  <properties>
    <property name="java.specification.version" value="19"/>
    <property name="sun.cpu.isalist" value="amd64"/>
    <property name="sun.jnu.encoding" value="Cp1252"/>
    <property name="java.class.path" value="C:\Users\Ramón Zamudio\Documents\NetBeansProjects\New Folder\sitemaGym\DDS-SistemaGimnasio\SubsistemaCompraMembresia\target\test-classes;C:\Users\Ramón Zamudio\Documents\NetBeansProjects\New Folder\sitemaGym\DDS-SistemaGimnasio\SubsistemaCompraMembresia\target\classes;C:\Users\Ramón Zamudio\.m2\repository\com\00000253020\SistemaGimnasioNegocio\1.0-SNAPSHOT\SistemaGimnasioNegocio-1.0-SNAPSHOT.jar;C:\Users\Ramón Zamudio\.m2\repository\org\junit\jupiter\junit-jupiter-api\5.6.0\junit-jupiter-api-5.6.0.jar;C:\Users\Ramón Zamudio\.m2\repository\org\apiguardian\apiguardian-api\1.1.0\apiguardian-api-1.1.0.jar;C:\Users\Ramón Zamudio\.m2\repository\org\opentest4j\opentest4j\1.2.0\opentest4j-1.2.0.jar;C:\Users\Ramón Zamudio\.m2\repository\org\junit\platform\junit-platform-commons\1.6.0\junit-platform-commons-1.6.0.jar;C:\Users\Ramón Zamudio\.m2\repository\org\junit\jupiter\junit-jupiter-params\5.6.0\junit-jupiter-params-5.6.0.jar;C:\Users\Ramón Zamudio\.m2\repository\org\junit\jupiter\junit-jupiter-engine\5.6.0\junit-jupiter-engine-5.6.0.jar;C:\Users\Ramón Zamudio\.m2\repository\org\junit\platform\junit-platform-engine\1.6.0\junit-platform-engine-1.6.0.jar;"/>
    <property name="java.vm.vendor" value="Oracle Corporation"/>
    <property name="sun.arch.data.model" value="64"/>
    <property name="user.variant" value=""/>
    <property name="java.vendor.url" value="https://java.oracle.com/"/>
    <property name="user.timezone" value="America/Hermosillo"/>
    <property name="os.name" value="Windows 10"/>
    <property name="java.vm.specification.version" value="19"/>
    <property name="user.country" value="MX"/>
    <property name="sun.java.launcher" value="SUN_STANDARD"/>
    <property name="sun.boot.library.path" value="C:\Program Files\Java\jdk-19\bin"/>
    <property name="sun.java.command" value="C:\Users\Ramón Zamudio\AppData\Local\Temp\surefire1505995453846435290\surefirebooter-20250326201843093_3.jar C:\Users\Ramón Zamudio\AppData\Local\Temp\surefire1505995453846435290 2025-03-26T20-18-42_857-jvmRun1 surefire-20250326201843093_1tmp surefire_0-20250326201843093_2tmp"/>
    <property name="jdk.debug" value="release"/>
    <property name="surefire.test.class.path" value="C:\Users\Ramón Zamudio\Documents\NetBeansProjects\New Folder\sitemaGym\DDS-SistemaGimnasio\SubsistemaCompraMembresia\target\test-classes;C:\Users\Ramón Zamudio\Documents\NetBeansProjects\New Folder\sitemaGym\DDS-SistemaGimnasio\SubsistemaCompraMembresia\target\classes;C:\Users\Ramón Zamudio\.m2\repository\com\00000253020\SistemaGimnasioNegocio\1.0-SNAPSHOT\SistemaGimnasioNegocio-1.0-SNAPSHOT.jar;C:\Users\Ramón Zamudio\.m2\repository\org\junit\jupiter\junit-jupiter-api\5.6.0\junit-jupiter-api-5.6.0.jar;C:\Users\Ramón Zamudio\.m2\repository\org\apiguardian\apiguardian-api\1.1.0\apiguardian-api-1.1.0.jar;C:\Users\Ramón Zamudio\.m2\repository\org\opentest4j\opentest4j\1.2.0\opentest4j-1.2.0.jar;C:\Users\Ramón Zamudio\.m2\repository\org\junit\platform\junit-platform-commons\1.6.0\junit-platform-commons-1.6.0.jar;C:\Users\Ramón Zamudio\.m2\repository\org\junit\jupiter\junit-jupiter-params\5.6.0\junit-jupiter-params-5.6.0.jar;C:\Users\Ramón Zamudio\.m2\repository\org\junit\jupiter\junit-jupiter-engine\5.6.0\junit-jupiter-engine-5.6.0.jar;C:\Users\Ramón Zamudio\.m2\repository\org\junit\platform\junit-platform-engine\1.6.0\junit-platform-engine-1.6.0.jar;"/>
    <property name="sun.cpu.endian" value="little"/>
    <property name="user.home" value="C:\Users\Ramón Zamudio"/>
    <property name="user.language" value="es"/>
    <property name="java.specification.vendor" value="Oracle Corporation"/>
    <property name="java.version.date" value="2023-01-17"/>
    <property name="java.home" value="C:\Program Files\Java\jdk-19"/>
    <property name="file.separator" value="\"/>
    <property name="basedir" value="C:\Users\Ramón Zamudio\Documents\NetBeansProjects\New Folder\sitemaGym\DDS-SistemaGimnasio\SubsistemaCompraMembresia"/>
    <property name="java.vm.compressedOopsMode" value="Zero based"/>
    <property name="line.separator" value="&#10;"/>
    <property name="java.vm.specification.vendor" value="Oracle Corporation"/>
    <property name="java.specification.name" value="Java Platform API Specification"/>
    <property name="surefire.real.class.path" value="C:\Users\Ramón Zamudio\AppData\Local\Temp\surefire1505995453846435290\surefirebooter-20250326201843093_3.jar"/>
    <property name="user.script" value=""/>
    <property name="sun.management.compiler" value="HotSpot 64-Bit Tiered Compilers"/>
    <property name="java.runtime.version" value="19.0.2+7-44"/>
    <property name="user.name" value="Ramón Zamudio"/>
    <property name="stdout.encoding" value="Cp1252"/>
    <property name="path.separator" value=";"/>
    <property name="os.version" value="10.0"/>
    <property name="java.runtime.name" value="Java(TM) SE Runtime Environment"/>
    <property name="file.encoding" value="UTF-8"/>
    <property name="java.vm.name" value="Java HotSpot(TM) 64-Bit Server VM"/>
    <property name="maven.ext.class.path" value="C:\Program Files\NetBeans-20\netbeans\java\maven-nblib\netbeans-eventspy.jar"/>
    <property name="localRepository" value="C:\Users\Ramón Zamudio\.m2\repository"/>
    <property name="java.vendor.url.bug" value="https://bugreport.java.com/bugreport/"/>
    <property name="java.io.tmpdir" value="C:\Users\RAMNZA~1\AppData\Local\Temp\"/>
    <property name="java.version" value="19.0.2"/>
    <property name="user.dir" value="C:\Users\Ramón Zamudio\Documents\NetBeansProjects\New Folder\sitemaGym\DDS-SistemaGimnasio\SubsistemaCompraMembresia"/>
    <property name="os.arch" value="amd64"/>
    <property name="java.vm.specification.name" value="Java Virtual Machine Specification"/>
    <property name="sun.os.patch.level" value=""/>
    <property name="native.encoding" value="Cp1252"/>
    <property name="java.library.path" value="C:\Program Files\Java\jdk-19\bin;C:\Windows\Sun\Java\bin;C:\Windows\system32;C:\Windows;C:\Program Files\Common Files\Oracle\Java\javapath;C:\Program Files (x86)\Common Files\Oracle\Java\java8path;C:\Program Files (x86)\Common Files\Oracle\Java\javapath;C:\Windows\system32;C:\Windows;C:\Windows\System32\Wbem;C:\Windows\System32\WindowsPowerShell\v1.0\;C:\Windows\System32\OpenSSH\;C:\Users\Ramón Zamudio\AppData\Local\Microsoft\WindowsApps;C:\Users\Ramón Zamudio\AppData\Local\Programs\Microsoft VS Code\bin;C:\Users\Ramón Zamudio\AppData\Local\GitHubDesktop\bin;."/>
    <property name="java.vm.info" value="mixed mode, sharing"/>
    <property name="stderr.encoding" value="Cp1252"/>
    <property name="java.vendor" value="Oracle Corporation"/>
    <property name="java.vm.version" value="19.0.2+7-44"/>
    <property name="sun.io.unicode.encoding" value="UnicodeLittle"/>
    <property name="java.class.version" value="63.0"/>
  </properties>
  <testcase name="testRegistrarClienteValoresCorrectosOk" classname="implementaciones.ManejadorComprasMembresiasTest" time="0.029"/>
  <testcase name="testRegistrarCamposVaciosLanzaExcepcion" classname="implementaciones.ManejadorComprasMembresiasTest" time="0.003"/>
  <testcase name="testRegistrarClienteConNumeroTelefonicoYaRegistradoGeneraExcepcion" classname="implementaciones.ManejadorComprasMembresiasTest" time="0.002"/>
  <testcase name="testRegistrarMismoCorreoGeneraExcepcion" classname="implementaciones.ManejadorComprasMembresiasTest" time="0.002"/>
  <testcase name="testRegistrarClienteDevuelveClienteRegistradoDTOConId" classname="implementaciones.ManejadorComprasMembresiasTest" time="0.002"/>
  <testcase name="testRegistrarClienteEmailFormatoInvalidoGeneraExcepcion" classname="implementaciones.ManejadorComprasMembresiasTest" time="0.001"/>
</testsuite>